{"/Users/saileshkasaju/workspace/doitright/netlify/sudinpradhan/jest/__fixtures__/all-markdown-remark.js": {"path":"/Users/saileshkasaju/workspace/doitright/netlify/sudinpradhan/jest/__fixtures__/all-markdown-remark.js","statementMap":{"0":{"start":{"line":3,"column":0},"end":{"line":46,"column":2}}},"fnMap":{},"branchMap":{},"s":{"0":5},"f":{},"b":{},"_coverageSchema":"1a1c01bbd47fc00a2c39e90264f33305004495a9","hash":"44b28ddcf7386a590a01c4fae18916c1197a9466"}
,"/Users/saileshkasaju/workspace/doitright/netlify/sudinpradhan/jest/__fixtures__/markdown-remark.js": {"path":"/Users/saileshkasaju/workspace/doitright/netlify/sudinpradhan/jest/__fixtures__/markdown-remark.js","statementMap":{"0":{"start":{"line":3,"column":0},"end":{"line":23,"column":2}}},"fnMap":{},"branchMap":{},"s":{"0":2},"f":{},"b":{},"_coverageSchema":"1a1c01bbd47fc00a2c39e90264f33305004495a9","hash":"5480aaab9e86a06fec48482739d481900100130e"}
,"/Users/saileshkasaju/workspace/doitright/netlify/sudinpradhan/jest/__fixtures__/page-context.js": {"path":"/Users/saileshkasaju/workspace/doitright/netlify/sudinpradhan/jest/__fixtures__/page-context.js","statementMap":{"0":{"start":{"line":3,"column":0},"end":{"line":13,"column":2}}},"fnMap":{},"branchMap":{},"s":{"0":3},"f":{},"b":{},"_coverageSchema":"1a1c01bbd47fc00a2c39e90264f33305004495a9","hash":"b7c185365aed3520748d8b42a1cc03a7b59d9517"}
,"/Users/saileshkasaju/workspace/doitright/netlify/sudinpradhan/jest/__fixtures__/site-metadata.js": {"path":"/Users/saileshkasaju/workspace/doitright/netlify/sudinpradhan/jest/__fixtures__/site-metadata.js","statementMap":{"0":{"start":{"line":3,"column":0},"end":{"line":41,"column":2}}},"fnMap":{},"branchMap":{},"s":{"0":13},"f":{},"b":{},"_coverageSchema":"1a1c01bbd47fc00a2c39e90264f33305004495a9","hash":"f8a98ceb584c76c03a237296671d0c6f7e2118d1"}
,"/Users/saileshkasaju/workspace/doitright/netlify/sudinpradhan/src/components/Feed/Feed.js": {"path":"/Users/saileshkasaju/workspace/doitright/netlify/sudinpradhan/src/components/Feed/Feed.js","statementMap":{"0":{"start":{"line":11,"column":13},"end":{"line":32,"column":1}},"1":{"start":{"line":12,"column":2},"end":{"line":31,"column":8}},"2":{"start":{"line":14,"column":6},"end":{"line":29,"column":12}}},"fnMap":{"0":{"name":"(anonymous_0)","decl":{"start":{"line":11,"column":13},"end":{"line":11,"column":14}},"loc":{"start":{"line":12,"column":2},"end":{"line":31,"column":8}},"line":12},"1":{"name":"(anonymous_1)","decl":{"start":{"line":13,"column":15},"end":{"line":13,"column":16}},"loc":{"start":{"line":14,"column":6},"end":{"line":29,"column":12}},"line":14}},"branchMap":{},"s":{"0":4,"1":4,"2":8},"f":{"0":4,"1":8},"b":{},"_coverageSchema":"1a1c01bbd47fc00a2c39e90264f33305004495a9","hash":"2461da224467219fcbc53e62c088785ff0507641"}
,"/Users/saileshkasaju/workspace/doitright/netlify/sudinpradhan/src/components/Feed/index.js": {"path":"/Users/saileshkasaju/workspace/doitright/netlify/sudinpradhan/src/components/Feed/index.js","statementMap":{},"fnMap":{},"branchMap":{},"s":{},"f":{},"b":{},"_coverageSchema":"1a1c01bbd47fc00a2c39e90264f33305004495a9","hash":"5d3f8e9c9399da7c482225fa8b016357df3e6423"}
,"/Users/saileshkasaju/workspace/doitright/netlify/sudinpradhan/src/components/Icon/Icon.js": {"path":"/Users/saileshkasaju/workspace/doitright/netlify/sudinpradhan/src/components/Icon/Icon.js","statementMap":{"0":{"start":{"line":13,"column":13},"end":{"line":18,"column":1}},"1":{"start":{"line":14,"column":2},"end":{"line":17,"column":8}}},"fnMap":{"0":{"name":"(anonymous_0)","decl":{"start":{"line":13,"column":13},"end":{"line":13,"column":14}},"loc":{"start":{"line":14,"column":2},"end":{"line":17,"column":8}},"line":14}},"branchMap":{},"s":{"0":10,"1":55},"f":{"0":55},"b":{},"_coverageSchema":"1a1c01bbd47fc00a2c39e90264f33305004495a9","hash":"ebdb37560f5f20e1477b48f5553dac9f6c1116ed"}
,"/Users/saileshkasaju/workspace/doitright/netlify/sudinpradhan/src/components/Icon/index.js": {"path":"/Users/saileshkasaju/workspace/doitright/netlify/sudinpradhan/src/components/Icon/index.js","statementMap":{},"fnMap":{},"branchMap":{},"s":{},"f":{},"b":{},"_coverageSchema":"1a1c01bbd47fc00a2c39e90264f33305004495a9","hash":"9a72326f70df1dec382c99bb62a35c3914bf9b70"}
,"/Users/saileshkasaju/workspace/doitright/netlify/sudinpradhan/src/components/Layout/Layout.js": {"path":"/Users/saileshkasaju/workspace/doitright/netlify/sudinpradhan/src/components/Layout/Layout.js","statementMap":{"0":{"start":{"line":15,"column":15},"end":{"line":41,"column":1}},"1":{"start":{"line":21,"column":26},"end":{"line":21,"column":43}},"2":{"start":{"line":22,"column":20},"end":{"line":22,"column":83}},"3":{"start":{"line":23,"column":23},"end":{"line":23,"column":38}},"4":{"start":{"line":25,"column":2},"end":{"line":40,"column":4}}},"fnMap":{"0":{"name":"(anonymous_0)","decl":{"start":{"line":15,"column":15},"end":{"line":15,"column":16}},"loc":{"start":{"line":20,"column":13},"end":{"line":41,"column":1}},"line":20}},"branchMap":{"0":{"loc":{"start":{"line":22,"column":20},"end":{"line":22,"column":83}},"type":"cond-expr","locations":[{"start":{"line":22,"column":57},"end":{"line":22,"column":68}},{"start":{"line":22,"column":71},"end":{"line":22,"column":83}}],"line":22}},"s":{"0":9,"1":10,"2":10,"3":10,"4":10},"f":{"0":10},"b":{"0":[1,9]},"_coverageSchema":"1a1c01bbd47fc00a2c39e90264f33305004495a9","hash":"19571fb0da6bf738e790914f64db6cf46aa7b218"}
,"/Users/saileshkasaju/workspace/doitright/netlify/sudinpradhan/src/components/Layout/index.js": {"path":"/Users/saileshkasaju/workspace/doitright/netlify/sudinpradhan/src/components/Layout/index.js","statementMap":{},"fnMap":{},"branchMap":{},"s":{},"f":{},"b":{},"_coverageSchema":"1a1c01bbd47fc00a2c39e90264f33305004495a9","hash":"fba6df2918334dce40b3a44fc6e5bb52eba647c6"}
,"/Users/saileshkasaju/workspace/doitright/netlify/sudinpradhan/src/components/Page/Page.js": {"path":"/Users/saileshkasaju/workspace/doitright/netlify/sudinpradhan/src/components/Page/Page.js","statementMap":{"0":{"start":{"line":9,"column":13},"end":{"line":22,"column":1}},"1":{"start":{"line":10,"column":18},"end":{"line":10,"column":26}},"2":{"start":{"line":12,"column":2},"end":{"line":12,"column":50}},"3":{"start":{"line":14,"column":2},"end":{"line":21,"column":4}}},"fnMap":{"0":{"name":"(anonymous_0)","decl":{"start":{"line":9,"column":13},"end":{"line":9,"column":14}},"loc":{"start":{"line":9,"column":45},"end":{"line":22,"column":1}},"line":9}},"branchMap":{"0":{"loc":{"start":{"line":17,"column":9},"end":{"line":17,"column":68}},"type":"binary-expr","locations":[{"start":{"line":17,"column":9},"end":{"line":17,"column":14}},{"start":{"line":17,"column":18},"end":{"line":17,"column":68}}],"line":17}},"s":{"0":8,"1":8,"2":8,"3":8},"f":{"0":8},"b":{"0":[8,7]},"_coverageSchema":"1a1c01bbd47fc00a2c39e90264f33305004495a9","hash":"07718cbb5dc8f524036a23704122367983c9be81"}
,"/Users/saileshkasaju/workspace/doitright/netlify/sudinpradhan/src/components/Page/index.js": {"path":"/Users/saileshkasaju/workspace/doitright/netlify/sudinpradhan/src/components/Page/index.js","statementMap":{},"fnMap":{},"branchMap":{},"s":{},"f":{},"b":{},"_coverageSchema":"1a1c01bbd47fc00a2c39e90264f33305004495a9","hash":"79a62fc41ec816b60416c240aeb639156a7dad3b"}
,"/Users/saileshkasaju/workspace/doitright/netlify/sudinpradhan/src/components/Pagination/Pagination.js": {"path":"/Users/saileshkasaju/workspace/doitright/netlify/sudinpradhan/src/components/Pagination/Pagination.js","statementMap":{"0":{"start":{"line":15,"column":11},"end":{"line":15,"column":34}},"1":{"start":{"line":17,"column":19},"end":{"line":43,"column":1}},"2":{"start":{"line":23,"column":24},"end":{"line":26,"column":4}},"3":{"start":{"line":28,"column":24},"end":{"line":31,"column":4}},"4":{"start":{"line":33,"column":2},"end":{"line":42,"column":4}}},"fnMap":{"0":{"name":"(anonymous_0)","decl":{"start":{"line":17,"column":19},"end":{"line":17,"column":20}},"loc":{"start":{"line":22,"column":13},"end":{"line":43,"column":1}},"line":22}},"branchMap":{"0":{"loc":{"start":{"line":36,"column":29},"end":{"line":36,"column":61}},"type":"cond-expr","locations":[{"start":{"line":36,"column":43},"end":{"line":36,"column":55}},{"start":{"line":36,"column":58},"end":{"line":36,"column":61}}],"line":36},"1":{"loc":{"start":{"line":39,"column":29},"end":{"line":39,"column":61}},"type":"cond-expr","locations":[{"start":{"line":39,"column":43},"end":{"line":39,"column":55}},{"start":{"line":39,"column":58},"end":{"line":39,"column":61}}],"line":39}},"s":{"0":4,"1":4,"2":4,"3":4,"4":4},"f":{"0":4},"b":{"0":[4,0],"1":[4,0]},"_coverageSchema":"1a1c01bbd47fc00a2c39e90264f33305004495a9","hash":"7cff9184e301d845cfc2df2570276a16d98dd2fa"}
,"/Users/saileshkasaju/workspace/doitright/netlify/sudinpradhan/src/components/Pagination/index.js": {"path":"/Users/saileshkasaju/workspace/doitright/netlify/sudinpradhan/src/components/Pagination/index.js","statementMap":{},"fnMap":{},"branchMap":{},"s":{},"f":{},"b":{},"_coverageSchema":"1a1c01bbd47fc00a2c39e90264f33305004495a9","hash":"339efe67dc7d0a6795eac6b3f749dd4f54775a9a"}
,"/Users/saileshkasaju/workspace/doitright/netlify/sudinpradhan/src/components/Post/Post.js": {"path":"/Users/saileshkasaju/workspace/doitright/netlify/sudinpradhan/src/components/Post/Post.js","statementMap":{"0":{"start":{"line":16,"column":13},"end":{"line":40,"column":1}},"1":{"start":{"line":17,"column":19},"end":{"line":17,"column":23}},"2":{"start":{"line":18,"column":29},"end":{"line":18,"column":40}},"3":{"start":{"line":19,"column":32},"end":{"line":19,"column":48}},"4":{"start":{"line":21,"column":2},"end":{"line":39,"column":4}}},"fnMap":{"0":{"name":"(anonymous_0)","decl":{"start":{"line":16,"column":13},"end":{"line":16,"column":14}},"loc":{"start":{"line":16,"column":34},"end":{"line":40,"column":1}},"line":16}},"branchMap":{"0":{"loc":{"start":{"line":31,"column":9},"end":{"line":31,"column":69}},"type":"binary-expr","locations":[{"start":{"line":31,"column":9},"end":{"line":31,"column":13}},{"start":{"line":31,"column":17},"end":{"line":31,"column":25}},{"start":{"line":31,"column":29},"end":{"line":31,"column":69}}],"line":31}},"s":{"0":2,"1":2,"2":2,"3":2,"4":2},"f":{"0":2},"b":{"0":[2,2,2]},"_coverageSchema":"1a1c01bbd47fc00a2c39e90264f33305004495a9","hash":"898c2fc43a670eafd06557361bedcb6fe0fa5e34"}
,"/Users/saileshkasaju/workspace/doitright/netlify/sudinpradhan/src/components/Post/index.js": {"path":"/Users/saileshkasaju/workspace/doitright/netlify/sudinpradhan/src/components/Post/index.js","statementMap":{},"fnMap":{},"branchMap":{},"s":{},"f":{},"b":{},"_coverageSchema":"1a1c01bbd47fc00a2c39e90264f33305004495a9","hash":"3709fa92b8f29d376cfb07939707844959c12038"}
,"/Users/saileshkasaju/workspace/doitright/netlify/sudinpradhan/src/components/Post/Author/Author.js": {"path":"/Users/saileshkasaju/workspace/doitright/netlify/sudinpradhan/src/components/Post/Author/Author.js","statementMap":{"0":{"start":{"line":7,"column":15},"end":{"line":25,"column":1}},"1":{"start":{"line":8,"column":21},"end":{"line":8,"column":38}},"2":{"start":{"line":10,"column":2},"end":{"line":24,"column":4}}},"fnMap":{"0":{"name":"(anonymous_0)","decl":{"start":{"line":7,"column":15},"end":{"line":7,"column":16}},"loc":{"start":{"line":7,"column":21},"end":{"line":25,"column":1}},"line":7}},"branchMap":{},"s":{"0":3,"1":3,"2":3},"f":{"0":3},"b":{},"_coverageSchema":"1a1c01bbd47fc00a2c39e90264f33305004495a9","hash":"9a62c17288795d5849034d5e2152208575afe67f"}
,"/Users/saileshkasaju/workspace/doitright/netlify/sudinpradhan/src/components/Post/Author/index.js": {"path":"/Users/saileshkasaju/workspace/doitright/netlify/sudinpradhan/src/components/Post/Author/index.js","statementMap":{},"fnMap":{},"branchMap":{},"s":{},"f":{},"b":{},"_coverageSchema":"1a1c01bbd47fc00a2c39e90264f33305004495a9","hash":"50e89e537b5b73e7eb3476305d8c6b38a88ea0bf"}
,"/Users/saileshkasaju/workspace/doitright/netlify/sudinpradhan/src/components/Post/Comments/Comments.js": {"path":"/Users/saileshkasaju/workspace/doitright/netlify/sudinpradhan/src/components/Post/Comments/Comments.js","statementMap":{"0":{"start":{"line":11,"column":17},"end":{"line":26,"column":1}},"1":{"start":{"line":12,"column":35},"end":{"line":12,"column":52}},"2":{"start":{"line":14,"column":2},"end":{"line":16,"column":3}},"3":{"start":{"line":15,"column":4},"end":{"line":15,"column":16}},"4":{"start":{"line":18,"column":2},"end":{"line":25,"column":4}}},"fnMap":{"0":{"name":"(anonymous_0)","decl":{"start":{"line":11,"column":17},"end":{"line":11,"column":18}},"loc":{"start":{"line":11,"column":53},"end":{"line":26,"column":1}},"line":11}},"branchMap":{"0":{"loc":{"start":{"line":14,"column":2},"end":{"line":16,"column":3}},"type":"if","locations":[{"start":{"line":14,"column":2},"end":{"line":16,"column":3}},{"start":{"line":14,"column":2},"end":{"line":16,"column":3}}],"line":14}},"s":{"0":3,"1":3,"2":3,"3":3,"4":0},"f":{"0":3},"b":{"0":[3,0]},"_coverageSchema":"1a1c01bbd47fc00a2c39e90264f33305004495a9","hash":"86f49e8aaba7d865a7a8de14a5c833de0651ceb9"}
,"/Users/saileshkasaju/workspace/doitright/netlify/sudinpradhan/src/components/Post/Comments/index.js": {"path":"/Users/saileshkasaju/workspace/doitright/netlify/sudinpradhan/src/components/Post/Comments/index.js","statementMap":{},"fnMap":{},"branchMap":{},"s":{},"f":{},"b":{},"_coverageSchema":"1a1c01bbd47fc00a2c39e90264f33305004495a9","hash":"7411b6f3a651fa8d6546260148c1ecf46ffb3fe4"}
,"/Users/saileshkasaju/workspace/doitright/netlify/sudinpradhan/src/components/Post/Content/Content.js": {"path":"/Users/saileshkasaju/workspace/doitright/netlify/sudinpradhan/src/components/Post/Content/Content.js","statementMap":{"0":{"start":{"line":10,"column":16},"end":{"line":15,"column":1}},"1":{"start":{"line":11,"column":2},"end":{"line":14,"column":8}}},"fnMap":{"0":{"name":"(anonymous_0)","decl":{"start":{"line":10,"column":16},"end":{"line":10,"column":17}},"loc":{"start":{"line":11,"column":2},"end":{"line":14,"column":8}},"line":11}},"branchMap":{},"s":{"0":3,"1":3},"f":{"0":3},"b":{},"_coverageSchema":"1a1c01bbd47fc00a2c39e90264f33305004495a9","hash":"65bd42b59f95a67dd3c9ba0c3cb735b5b50fef80"}
,"/Users/saileshkasaju/workspace/doitright/netlify/sudinpradhan/src/components/Post/Content/index.js": {"path":"/Users/saileshkasaju/workspace/doitright/netlify/sudinpradhan/src/components/Post/Content/index.js","statementMap":{},"fnMap":{},"branchMap":{},"s":{},"f":{},"b":{},"_coverageSchema":"1a1c01bbd47fc00a2c39e90264f33305004495a9","hash":"5315aa76689dece99dfd6cd7c782c734eeb2560a"}
,"/Users/saileshkasaju/workspace/doitright/netlify/sudinpradhan/src/components/Post/Meta/Meta.js": {"path":"/Users/saileshkasaju/workspace/doitright/netlify/sudinpradhan/src/components/Post/Meta/Meta.js","statementMap":{"0":{"start":{"line":9,"column":13},"end":{"line":13,"column":1}},"1":{"start":{"line":10,"column":2},"end":{"line":12,"column":8}}},"fnMap":{"0":{"name":"(anonymous_0)","decl":{"start":{"line":9,"column":13},"end":{"line":9,"column":14}},"loc":{"start":{"line":10,"column":2},"end":{"line":12,"column":8}},"line":10}},"branchMap":{},"s":{"0":3,"1":3},"f":{"0":3},"b":{},"_coverageSchema":"1a1c01bbd47fc00a2c39e90264f33305004495a9","hash":"9a813099f5eee3c49330fcba703aa96d8d9008bc"}
,"/Users/saileshkasaju/workspace/doitright/netlify/sudinpradhan/src/components/Post/Meta/index.js": {"path":"/Users/saileshkasaju/workspace/doitright/netlify/sudinpradhan/src/components/Post/Meta/index.js","statementMap":{},"fnMap":{},"branchMap":{},"s":{},"f":{},"b":{},"_coverageSchema":"1a1c01bbd47fc00a2c39e90264f33305004495a9","hash":"a10e5fe79025edaa6598cd69b0254beae3570b6b"}
,"/Users/saileshkasaju/workspace/doitright/netlify/sudinpradhan/src/components/Post/Tags/Tags.js": {"path":"/Users/saileshkasaju/workspace/doitright/netlify/sudinpradhan/src/components/Post/Tags/Tags.js","statementMap":{"0":{"start":{"line":11,"column":13},"end":{"line":23,"column":1}},"1":{"start":{"line":12,"column":2},"end":{"line":22,"column":8}},"2":{"start":{"line":15,"column":8},"end":{"line":19,"column":13}}},"fnMap":{"0":{"name":"(anonymous_0)","decl":{"start":{"line":11,"column":13},"end":{"line":11,"column":14}},"loc":{"start":{"line":12,"column":2},"end":{"line":22,"column":8}},"line":12},"1":{"name":"(anonymous_1)","decl":{"start":{"line":14,"column":32},"end":{"line":14,"column":33}},"loc":{"start":{"line":15,"column":8},"end":{"line":19,"column":13}},"line":15}},"branchMap":{"0":{"loc":{"start":{"line":14,"column":7},"end":{"line":20,"column":8}},"type":"binary-expr","locations":[{"start":{"line":14,"column":7},"end":{"line":14,"column":15}},{"start":{"line":14,"column":19},"end":{"line":20,"column":8}}],"line":14}},"s":{"0":3,"1":3,"2":6},"f":{"0":3,"1":6},"b":{"0":[3,3]},"_coverageSchema":"1a1c01bbd47fc00a2c39e90264f33305004495a9","hash":"9810c3dcde2580567d532a7d7be36e6aec76ee0d"}
,"/Users/saileshkasaju/workspace/doitright/netlify/sudinpradhan/src/components/Post/Tags/index.js": {"path":"/Users/saileshkasaju/workspace/doitright/netlify/sudinpradhan/src/components/Post/Tags/index.js","statementMap":{},"fnMap":{},"branchMap":{},"s":{},"f":{},"b":{},"_coverageSchema":"1a1c01bbd47fc00a2c39e90264f33305004495a9","hash":"c842855ea8c47e0893fcdb75abdb8ff5000114b5"}
,"/Users/saileshkasaju/workspace/doitright/netlify/sudinpradhan/src/components/Sidebar/Sidebar.js": {"path":"/Users/saileshkasaju/workspace/doitright/netlify/sudinpradhan/src/components/Sidebar/Sidebar.js","statementMap":{"0":{"start":{"line":14,"column":16},"end":{"line":27,"column":1}},"1":{"start":{"line":15,"column":38},"end":{"line":15,"column":55}},"2":{"start":{"line":17,"column":2},"end":{"line":26,"column":4}}},"fnMap":{"0":{"name":"(anonymous_0)","decl":{"start":{"line":14,"column":16},"end":{"line":14,"column":17}},"loc":{"start":{"line":14,"column":40},"end":{"line":27,"column":1}},"line":14}},"branchMap":{},"s":{"0":8,"1":8,"2":8},"f":{"0":8},"b":{},"_coverageSchema":"1a1c01bbd47fc00a2c39e90264f33305004495a9","hash":"9d83bbe80cff38ca49c14c91fdf84cef028b686f"}
,"/Users/saileshkasaju/workspace/doitright/netlify/sudinpradhan/src/components/Sidebar/index.js": {"path":"/Users/saileshkasaju/workspace/doitright/netlify/sudinpradhan/src/components/Sidebar/index.js","statementMap":{},"fnMap":{},"branchMap":{},"s":{},"f":{},"b":{},"_coverageSchema":"1a1c01bbd47fc00a2c39e90264f33305004495a9","hash":"18f11c2066e6fa15596f4f46091def5e48740950"}
,"/Users/saileshkasaju/workspace/doitright/netlify/sudinpradhan/src/components/Sidebar/Author/Author.js": {"path":"/Users/saileshkasaju/workspace/doitright/netlify/sudinpradhan/src/components/Sidebar/Author/Author.js","statementMap":{"0":{"start":{"line":15,"column":15},"end":{"line":47,"column":1}},"1":{"start":{"line":16,"column":2},"end":{"line":46,"column":8}}},"fnMap":{"0":{"name":"(anonymous_0)","decl":{"start":{"line":15,"column":15},"end":{"line":15,"column":16}},"loc":{"start":{"line":16,"column":2},"end":{"line":46,"column":8}},"line":16}},"branchMap":{"0":{"loc":{"start":{"line":27,"column":5},"end":{"line":39,"column":5}},"type":"cond-expr","locations":[{"start":{"line":28,"column":6},"end":{"line":32,"column":11}},{"start":{"line":34,"column":6},"end":{"line":38,"column":11}}],"line":27}},"s":{"0":9,"1":9},"f":{"0":9},"b":{"0":[2,7]},"_coverageSchema":"1a1c01bbd47fc00a2c39e90264f33305004495a9","hash":"dbb09f99f6430106dc9187954897bc8e2d5034ce"}
,"/Users/saileshkasaju/workspace/doitright/netlify/sudinpradhan/src/components/Sidebar/Author/index.js": {"path":"/Users/saileshkasaju/workspace/doitright/netlify/sudinpradhan/src/components/Sidebar/Author/index.js","statementMap":{},"fnMap":{},"branchMap":{},"s":{},"f":{},"b":{},"_coverageSchema":"1a1c01bbd47fc00a2c39e90264f33305004495a9","hash":"bd0b54cac356d51f2f0bfdd349909ce4b1aa9520"}
,"/Users/saileshkasaju/workspace/doitright/netlify/sudinpradhan/src/components/Sidebar/Contacts/Contacts.js": {"path":"/Users/saileshkasaju/workspace/doitright/netlify/sudinpradhan/src/components/Sidebar/Contacts/Contacts.js","statementMap":{"0":{"start":{"line":13,"column":17},"end":{"line":30,"column":1}},"1":{"start":{"line":14,"column":2},"end":{"line":29,"column":8}},"2":{"start":{"line":16,"column":44},"end":{"line":27,"column":7}}},"fnMap":{"0":{"name":"(anonymous_0)","decl":{"start":{"line":13,"column":17},"end":{"line":13,"column":18}},"loc":{"start":{"line":14,"column":2},"end":{"line":29,"column":8}},"line":14},"1":{"name":"(anonymous_1)","decl":{"start":{"line":16,"column":33},"end":{"line":16,"column":34}},"loc":{"start":{"line":16,"column":44},"end":{"line":27,"column":7}},"line":16}},"branchMap":{"0":{"loc":{"start":{"line":16,"column":44},"end":{"line":27,"column":7}},"type":"cond-expr","locations":[{"start":{"line":16,"column":62},"end":{"line":16,"column":66}},{"start":{"line":17,"column":8},"end":{"line":26,"column":13}}],"line":16}},"s":{"0":9,"1":9,"2":54},"f":{"0":9,"1":54},"b":{"0":[0,54]},"_coverageSchema":"1a1c01bbd47fc00a2c39e90264f33305004495a9","hash":"8de14df3417d2810c5d814c90caa29bbc0204c78"}
,"/Users/saileshkasaju/workspace/doitright/netlify/sudinpradhan/src/components/Sidebar/Contacts/index.js": {"path":"/Users/saileshkasaju/workspace/doitright/netlify/sudinpradhan/src/components/Sidebar/Contacts/index.js","statementMap":{},"fnMap":{},"branchMap":{},"s":{},"f":{},"b":{},"_coverageSchema":"1a1c01bbd47fc00a2c39e90264f33305004495a9","hash":"b3a2a6d667733f5de53acc5fe9f0dadb106ac037"}
,"/Users/saileshkasaju/workspace/doitright/netlify/sudinpradhan/src/components/Sidebar/Copyright/Copyright.js": {"path":"/Users/saileshkasaju/workspace/doitright/netlify/sudinpradhan/src/components/Sidebar/Copyright/Copyright.js","statementMap":{"0":{"start":{"line":9,"column":18},"end":{"line":13,"column":1}},"1":{"start":{"line":10,"column":2},"end":{"line":12,"column":8}}},"fnMap":{"0":{"name":"(anonymous_0)","decl":{"start":{"line":9,"column":18},"end":{"line":9,"column":19}},"loc":{"start":{"line":10,"column":2},"end":{"line":12,"column":8}},"line":10}},"branchMap":{},"s":{"0":9,"1":9},"f":{"0":9},"b":{},"_coverageSchema":"1a1c01bbd47fc00a2c39e90264f33305004495a9","hash":"489f352f45b0d30661d616404b914aff8a9d006a"}
,"/Users/saileshkasaju/workspace/doitright/netlify/sudinpradhan/src/components/Sidebar/Copyright/index.js": {"path":"/Users/saileshkasaju/workspace/doitright/netlify/sudinpradhan/src/components/Sidebar/Copyright/index.js","statementMap":{},"fnMap":{},"branchMap":{},"s":{},"f":{},"b":{},"_coverageSchema":"1a1c01bbd47fc00a2c39e90264f33305004495a9","hash":"d7c858f770479c78a203b3e76a642631755dc3aa"}
,"/Users/saileshkasaju/workspace/doitright/netlify/sudinpradhan/src/components/Sidebar/Menu/Menu.js": {"path":"/Users/saileshkasaju/workspace/doitright/netlify/sudinpradhan/src/components/Sidebar/Menu/Menu.js","statementMap":{"0":{"start":{"line":13,"column":13},"end":{"line":29,"column":1}},"1":{"start":{"line":14,"column":2},"end":{"line":28,"column":8}},"2":{"start":{"line":17,"column":8},"end":{"line":25,"column":13}}},"fnMap":{"0":{"name":"(anonymous_0)","decl":{"start":{"line":13,"column":13},"end":{"line":13,"column":14}},"loc":{"start":{"line":14,"column":2},"end":{"line":28,"column":8}},"line":14},"1":{"name":"(anonymous_1)","decl":{"start":{"line":16,"column":16},"end":{"line":16,"column":17}},"loc":{"start":{"line":17,"column":8},"end":{"line":25,"column":13}},"line":17}},"branchMap":{},"s":{"0":9,"1":9,"2":26},"f":{"0":9,"1":26},"b":{},"_coverageSchema":"1a1c01bbd47fc00a2c39e90264f33305004495a9","hash":"99b9416725f49729b7c6334cd969b13f6d0b48be"}
,"/Users/saileshkasaju/workspace/doitright/netlify/sudinpradhan/src/components/Sidebar/Menu/index.js": {"path":"/Users/saileshkasaju/workspace/doitright/netlify/sudinpradhan/src/components/Sidebar/Menu/index.js","statementMap":{},"fnMap":{},"branchMap":{},"s":{},"f":{},"b":{},"_coverageSchema":"1a1c01bbd47fc00a2c39e90264f33305004495a9","hash":"c6d6e462734f0a8c04e6f85923a62c8b5324e82a"}
,"/Users/saileshkasaju/workspace/doitright/netlify/sudinpradhan/src/constants/icons.js": {"path":"/Users/saileshkasaju/workspace/doitright/netlify/sudinpradhan/src/constants/icons.js","statementMap":{"0":{"start":{"line":2,"column":14},"end":{"line":83,"column":1}}},"fnMap":{},"branchMap":{},"s":{"0":14},"f":{},"b":{},"_coverageSchema":"1a1c01bbd47fc00a2c39e90264f33305004495a9","hash":"815ee2b92f8efef62262e730d4265b6936b27736"}
,"/Users/saileshkasaju/workspace/doitright/netlify/sudinpradhan/src/constants/index.js": {"path":"/Users/saileshkasaju/workspace/doitright/netlify/sudinpradhan/src/constants/index.js","statementMap":{},"fnMap":{},"branchMap":{},"s":{},"f":{},"b":{},"_coverageSchema":"1a1c01bbd47fc00a2c39e90264f33305004495a9","hash":"8535fb13a84290f66449872fe5e9d05b91ca204c"}
,"/Users/saileshkasaju/workspace/doitright/netlify/sudinpradhan/src/constants/pagination.js": {"path":"/Users/saileshkasaju/workspace/doitright/netlify/sudinpradhan/src/constants/pagination.js","statementMap":{"0":{"start":{"line":2,"column":19},"end":{"line":5,"column":1}}},"fnMap":{},"branchMap":{},"s":{"0":14},"f":{},"b":{},"_coverageSchema":"1a1c01bbd47fc00a2c39e90264f33305004495a9","hash":"3cc9b48c9ec32e78757e3f3e1bf532ab05f045f1"}
,"/Users/saileshkasaju/workspace/doitright/netlify/sudinpradhan/src/hooks/index.js": {"path":"/Users/saileshkasaju/workspace/doitright/netlify/sudinpradhan/src/hooks/index.js","statementMap":{},"fnMap":{},"branchMap":{},"s":{},"f":{},"b":{},"_coverageSchema":"1a1c01bbd47fc00a2c39e90264f33305004495a9","hash":"70a86815c61104afc0d6f8aee0fdd51736c3ae06"}
,"/Users/saileshkasaju/workspace/doitright/netlify/sudinpradhan/src/hooks/use-categories-list.js": {"path":"/Users/saileshkasaju/workspace/doitright/netlify/sudinpradhan/src/hooks/use-categories-list.js","statementMap":{"0":{"start":{"line":4,"column":26},"end":{"line":21,"column":1}},"1":{"start":{"line":5,"column":32},"end":{"line":18,"column":3}},"2":{"start":{"line":20,"column":2},"end":{"line":20,"column":33}}},"fnMap":{"0":{"name":"(anonymous_0)","decl":{"start":{"line":4,"column":26},"end":{"line":4,"column":27}},"loc":{"start":{"line":4,"column":32},"end":{"line":21,"column":1}},"line":4}},"branchMap":{},"s":{"0":13,"1":1,"2":1},"f":{"0":1},"b":{},"_coverageSchema":"1a1c01bbd47fc00a2c39e90264f33305004495a9","hash":"0732090a1d45b6357b6923e6c00e85602484ac59"}
,"/Users/saileshkasaju/workspace/doitright/netlify/sudinpradhan/src/hooks/use-site-metadata.js": {"path":"/Users/saileshkasaju/workspace/doitright/netlify/sudinpradhan/src/hooks/use-site-metadata.js","statementMap":{"0":{"start":{"line":4,"column":24},"end":{"line":49,"column":1}},"1":{"start":{"line":5,"column":19},"end":{"line":46,"column":3}},"2":{"start":{"line":48,"column":2},"end":{"line":48,"column":27}}},"fnMap":{"0":{"name":"(anonymous_0)","decl":{"start":{"line":4,"column":24},"end":{"line":4,"column":25}},"loc":{"start":{"line":4,"column":30},"end":{"line":49,"column":1}},"line":4}},"branchMap":{},"s":{"0":13,"1":32,"2":32},"f":{"0":32},"b":{},"_coverageSchema":"1a1c01bbd47fc00a2c39e90264f33305004495a9","hash":"3865a5ffe7976724a648089ecad9bf421b92fd4e"}
,"/Users/saileshkasaju/workspace/doitright/netlify/sudinpradhan/src/hooks/use-tags-list.js": {"path":"/Users/saileshkasaju/workspace/doitright/netlify/sudinpradhan/src/hooks/use-tags-list.js","statementMap":{"0":{"start":{"line":4,"column":20},"end":{"line":21,"column":1}},"1":{"start":{"line":5,"column":32},"end":{"line":18,"column":3}},"2":{"start":{"line":20,"column":2},"end":{"line":20,"column":33}}},"fnMap":{"0":{"name":"(anonymous_0)","decl":{"start":{"line":4,"column":20},"end":{"line":4,"column":21}},"loc":{"start":{"line":4,"column":26},"end":{"line":21,"column":1}},"line":4}},"branchMap":{},"s":{"0":13,"1":1,"2":1},"f":{"0":1},"b":{},"_coverageSchema":"1a1c01bbd47fc00a2c39e90264f33305004495a9","hash":"4da3727d219b6f93c87422707a1a9bb5f2acece9"}
,"/Users/saileshkasaju/workspace/doitright/netlify/sudinpradhan/src/templates/categories-list-template.js": {"path":"/Users/saileshkasaju/workspace/doitright/netlify/sudinpradhan/src/templates/categories-list-template.js","statementMap":{"0":{"start":{"line":10,"column":31},"end":{"line":30,"column":1}},"1":{"start":{"line":11,"column":30},"end":{"line":11,"column":47}},"2":{"start":{"line":12,"column":21},"end":{"line":12,"column":40}},"3":{"start":{"line":14,"column":2},"end":{"line":29,"column":4}},"4":{"start":{"line":20,"column":12},"end":{"line":24,"column":17}}},"fnMap":{"0":{"name":"(anonymous_0)","decl":{"start":{"line":10,"column":31},"end":{"line":10,"column":32}},"loc":{"start":{"line":10,"column":37},"end":{"line":30,"column":1}},"line":10},"1":{"name":"(anonymous_1)","decl":{"start":{"line":19,"column":26},"end":{"line":19,"column":27}},"loc":{"start":{"line":20,"column":12},"end":{"line":24,"column":17}},"line":20}},"branchMap":{},"s":{"0":1,"1":1,"2":1,"3":1,"4":2},"f":{"0":1,"1":2},"b":{},"_coverageSchema":"1a1c01bbd47fc00a2c39e90264f33305004495a9","hash":"7c52a76cc92aa6d91756ec9639fb2acbbbd03334"}
,"/Users/saileshkasaju/workspace/doitright/netlify/sudinpradhan/src/templates/category-template.js": {"path":"/Users/saileshkasaju/workspace/doitright/netlify/sudinpradhan/src/templates/category-template.js","statementMap":{"0":{"start":{"line":17,"column":25},"end":{"line":46,"column":1}},"1":{"start":{"line":18,"column":55},"end":{"line":18,"column":72}},"2":{"start":{"line":27,"column":6},"end":{"line":27,"column":17}},"3":{"start":{"line":29,"column":20},"end":{"line":29,"column":42}},"4":{"start":{"line":30,"column":20},"end":{"line":30,"column":119}},"5":{"start":{"line":32,"column":2},"end":{"line":45,"column":4}},"6":{"start":{"line":48,"column":21},"end":{"line":72,"column":1}}},"fnMap":{"0":{"name":"(anonymous_0)","decl":{"start":{"line":17,"column":25},"end":{"line":17,"column":26}},"loc":{"start":{"line":17,"column":59},"end":{"line":46,"column":1}},"line":17}},"branchMap":{"0":{"loc":{"start":{"line":30,"column":20},"end":{"line":30,"column":119}},"type":"cond-expr","locations":[{"start":{"line":30,"column":38},"end":{"line":30,"column":88}},{"start":{"line":30,"column":91},"end":{"line":30,"column":119}}],"line":30}},"s":{"0":1,"1":1,"2":1,"3":1,"4":1,"5":1,"6":1},"f":{"0":1},"b":{"0":[1,0]},"_coverageSchema":"1a1c01bbd47fc00a2c39e90264f33305004495a9","hash":"0565db9e39cde68c0a53adefa046b42e05bae351"}
,"/Users/saileshkasaju/workspace/doitright/netlify/sudinpradhan/src/templates/index-template.js": {"path":"/Users/saileshkasaju/workspace/doitright/netlify/sudinpradhan/src/templates/index-template.js","statementMap":{"0":{"start":{"line":17,"column":22},"end":{"line":45,"column":1}},"1":{"start":{"line":18,"column":55},"end":{"line":18,"column":72}},"2":{"start":{"line":26,"column":6},"end":{"line":26,"column":17}},"3":{"start":{"line":28,"column":20},"end":{"line":28,"column":42}},"4":{"start":{"line":29,"column":20},"end":{"line":29,"column":94}},"5":{"start":{"line":31,"column":2},"end":{"line":44,"column":4}},"6":{"start":{"line":47,"column":21},"end":{"line":71,"column":1}}},"fnMap":{"0":{"name":"(anonymous_0)","decl":{"start":{"line":17,"column":22},"end":{"line":17,"column":23}},"loc":{"start":{"line":17,"column":56},"end":{"line":45,"column":1}},"line":17}},"branchMap":{"0":{"loc":{"start":{"line":29,"column":20},"end":{"line":29,"column":94}},"type":"cond-expr","locations":[{"start":{"line":29,"column":38},"end":{"line":29,"column":82}},{"start":{"line":29,"column":85},"end":{"line":29,"column":94}}],"line":29}},"s":{"0":1,"1":1,"2":1,"3":1,"4":1,"5":1,"6":1},"f":{"0":1},"b":{"0":[1,0]},"_coverageSchema":"1a1c01bbd47fc00a2c39e90264f33305004495a9","hash":"8adbbe1337366df31939ca3fcf6c25d2f9bf09c6"}
,"/Users/saileshkasaju/workspace/doitright/netlify/sudinpradhan/src/templates/not-found-template.js": {"path":"/Users/saileshkasaju/workspace/doitright/netlify/sudinpradhan/src/templates/not-found-template.js","statementMap":{"0":{"start":{"line":8,"column":25},"end":{"line":19,"column":1}},"1":{"start":{"line":9,"column":30},"end":{"line":9,"column":47}},"2":{"start":{"line":11,"column":2},"end":{"line":18,"column":4}}},"fnMap":{"0":{"name":"(anonymous_0)","decl":{"start":{"line":8,"column":25},"end":{"line":8,"column":26}},"loc":{"start":{"line":8,"column":31},"end":{"line":19,"column":1}},"line":8}},"branchMap":{},"s":{"0":1,"1":1,"2":1},"f":{"0":1},"b":{},"_coverageSchema":"1a1c01bbd47fc00a2c39e90264f33305004495a9","hash":"f4fadf3cc6a659d564ecff3d7e4d7e5acdc43032"}
,"/Users/saileshkasaju/workspace/doitright/netlify/sudinpradhan/src/templates/page-template.js": {"path":"/Users/saileshkasaju/workspace/doitright/netlify/sudinpradhan/src/templates/page-template.js","statementMap":{"0":{"start":{"line":16,"column":21},"end":{"line":32,"column":1}},"1":{"start":{"line":17,"column":55},"end":{"line":17,"column":72}},"2":{"start":{"line":18,"column":29},"end":{"line":18,"column":48}},"3":{"start":{"line":19,"column":26},"end":{"line":19,"column":45}},"4":{"start":{"line":20,"column":74},"end":{"line":20,"column":85}},"5":{"start":{"line":21,"column":26},"end":{"line":21,"column":83}},"6":{"start":{"line":22,"column":25},"end":{"line":22,"column":98}},"7":{"start":{"line":24,"column":2},"end":{"line":31,"column":4}},"8":{"start":{"line":34,"column":21},"end":{"line":49,"column":1}}},"fnMap":{"0":{"name":"(anonymous_0)","decl":{"start":{"line":16,"column":21},"end":{"line":16,"column":22}},"loc":{"start":{"line":16,"column":42},"end":{"line":32,"column":1}},"line":16}},"branchMap":{"0":{"loc":{"start":{"line":21,"column":26},"end":{"line":21,"column":83}},"type":"cond-expr","locations":[{"start":{"line":21,"column":53},"end":{"line":21,"column":68}},{"start":{"line":21,"column":71},"end":{"line":21,"column":83}}],"line":21},"1":{"loc":{"start":{"line":22,"column":25},"end":{"line":22,"column":98}},"type":"cond-expr","locations":[{"start":{"line":22,"column":62},"end":{"line":22,"column":86}},{"start":{"line":22,"column":89},"end":{"line":22,"column":98}}],"line":22}},"s":{"0":1,"1":1,"2":1,"3":1,"4":1,"5":1,"6":1,"7":1,"8":1},"f":{"0":1},"b":{"0":[1,0],"1":[0,1]},"_coverageSchema":"1a1c01bbd47fc00a2c39e90264f33305004495a9","hash":"ea4f5590eeb9c2172dca2ea0683b793f8689a509"}
,"/Users/saileshkasaju/workspace/doitright/netlify/sudinpradhan/src/templates/post-template.js": {"path":"/Users/saileshkasaju/workspace/doitright/netlify/sudinpradhan/src/templates/post-template.js","statementMap":{"0":{"start":{"line":15,"column":21},"end":{"line":27,"column":1}},"1":{"start":{"line":16,"column":55},"end":{"line":16,"column":72}},"2":{"start":{"line":17,"column":26},"end":{"line":17,"column":45}},"3":{"start":{"line":18,"column":74},"end":{"line":18,"column":85}},"4":{"start":{"line":19,"column":26},"end":{"line":19,"column":83}},"5":{"start":{"line":20,"column":25},"end":{"line":20,"column":98}},"6":{"start":{"line":22,"column":2},"end":{"line":26,"column":4}},"7":{"start":{"line":29,"column":21},"end":{"line":49,"column":1}}},"fnMap":{"0":{"name":"(anonymous_0)","decl":{"start":{"line":15,"column":21},"end":{"line":15,"column":22}},"loc":{"start":{"line":15,"column":42},"end":{"line":27,"column":1}},"line":15}},"branchMap":{"0":{"loc":{"start":{"line":19,"column":26},"end":{"line":19,"column":83}},"type":"cond-expr","locations":[{"start":{"line":19,"column":53},"end":{"line":19,"column":68}},{"start":{"line":19,"column":71},"end":{"line":19,"column":83}}],"line":19},"1":{"loc":{"start":{"line":20,"column":25},"end":{"line":20,"column":98}},"type":"cond-expr","locations":[{"start":{"line":20,"column":62},"end":{"line":20,"column":86}},{"start":{"line":20,"column":89},"end":{"line":20,"column":98}}],"line":20}},"s":{"0":1,"1":1,"2":1,"3":1,"4":1,"5":1,"6":1,"7":1},"f":{"0":1},"b":{"0":[1,0],"1":[0,1]},"_coverageSchema":"1a1c01bbd47fc00a2c39e90264f33305004495a9","hash":"f2f0b6cdc974de75283412ff1bc115dec7adb729"}
,"/Users/saileshkasaju/workspace/doitright/netlify/sudinpradhan/src/templates/tag-template.js": {"path":"/Users/saileshkasaju/workspace/doitright/netlify/sudinpradhan/src/templates/tag-template.js","statementMap":{"0":{"start":{"line":17,"column":20},"end":{"line":46,"column":1}},"1":{"start":{"line":18,"column":55},"end":{"line":18,"column":72}},"2":{"start":{"line":27,"column":6},"end":{"line":27,"column":17}},"3":{"start":{"line":29,"column":20},"end":{"line":29,"column":42}},"4":{"start":{"line":30,"column":20},"end":{"line":30,"column":153}},"5":{"start":{"line":32,"column":2},"end":{"line":45,"column":4}},"6":{"start":{"line":48,"column":21},"end":{"line":78,"column":1}}},"fnMap":{"0":{"name":"(anonymous_0)","decl":{"start":{"line":17,"column":20},"end":{"line":17,"column":21}},"loc":{"start":{"line":17,"column":54},"end":{"line":46,"column":1}},"line":17}},"branchMap":{"0":{"loc":{"start":{"line":30,"column":20},"end":{"line":30,"column":153}},"type":"cond-expr","locations":[{"start":{"line":30,"column":38},"end":{"line":30,"column":105}},{"start":{"line":30,"column":108},"end":{"line":30,"column":153}}],"line":30}},"s":{"0":1,"1":1,"2":1,"3":1,"4":1,"5":1,"6":1},"f":{"0":1},"b":{"0":[1,0]},"_coverageSchema":"1a1c01bbd47fc00a2c39e90264f33305004495a9","hash":"2b95c15a2db8b5a06aa90057f96fabe3784b5ffd"}
,"/Users/saileshkasaju/workspace/doitright/netlify/sudinpradhan/src/templates/tags-list-template.js": {"path":"/Users/saileshkasaju/workspace/doitright/netlify/sudinpradhan/src/templates/tags-list-template.js","statementMap":{"0":{"start":{"line":10,"column":25},"end":{"line":30,"column":1}},"1":{"start":{"line":11,"column":30},"end":{"line":11,"column":47}},"2":{"start":{"line":12,"column":15},"end":{"line":12,"column":28}},"3":{"start":{"line":14,"column":2},"end":{"line":29,"column":4}},"4":{"start":{"line":20,"column":12},"end":{"line":24,"column":17}}},"fnMap":{"0":{"name":"(anonymous_0)","decl":{"start":{"line":10,"column":25},"end":{"line":10,"column":26}},"loc":{"start":{"line":10,"column":31},"end":{"line":30,"column":1}},"line":10},"1":{"name":"(anonymous_1)","decl":{"start":{"line":19,"column":20},"end":{"line":19,"column":21}},"loc":{"start":{"line":20,"column":12},"end":{"line":24,"column":17}},"line":20}},"branchMap":{},"s":{"0":1,"1":1,"2":1,"3":1,"4":2},"f":{"0":1,"1":2},"b":{},"_coverageSchema":"1a1c01bbd47fc00a2c39e90264f33305004495a9","hash":"575a4b95966d7e48845885036ad4d29d25a01189"}
,"/Users/saileshkasaju/workspace/doitright/netlify/sudinpradhan/src/utils/get-contact-href.js": {"path":"/Users/saileshkasaju/workspace/doitright/netlify/sudinpradhan/src/utils/get-contact-href.js","statementMap":{"0":{"start":{"line":2,"column":23},"end":{"line":57,"column":1}},"1":{"start":{"line":5,"column":2},"end":{"line":54,"column":3}},"2":{"start":{"line":7,"column":6},"end":{"line":7,"column":50}},"3":{"start":{"line":8,"column":6},"end":{"line":8,"column":12}},"4":{"start":{"line":10,"column":6},"end":{"line":10,"column":45}},"5":{"start":{"line":11,"column":6},"end":{"line":11,"column":12}},"6":{"start":{"line":13,"column":6},"end":{"line":13,"column":41}},"7":{"start":{"line":14,"column":6},"end":{"line":14,"column":12}},"8":{"start":{"line":16,"column":6},"end":{"line":16,"column":39}},"9":{"start":{"line":17,"column":6},"end":{"line":17,"column":12}},"10":{"start":{"line":19,"column":6},"end":{"line":19,"column":33}},"11":{"start":{"line":20,"column":6},"end":{"line":20,"column":12}},"12":{"start":{"line":22,"column":6},"end":{"line":22,"column":54}},"13":{"start":{"line":23,"column":6},"end":{"line":23,"column":12}},"14":{"start":{"line":25,"column":6},"end":{"line":25,"column":52}},"15":{"start":{"line":26,"column":6},"end":{"line":26,"column":12}},"16":{"start":{"line":28,"column":6},"end":{"line":28,"column":38}},"17":{"start":{"line":29,"column":6},"end":{"line":29,"column":12}},"18":{"start":{"line":31,"column":6},"end":{"line":31,"column":51}},"19":{"start":{"line":32,"column":6},"end":{"line":32,"column":12}},"20":{"start":{"line":34,"column":6},"end":{"line":34,"column":49}},"21":{"start":{"line":35,"column":6},"end":{"line":35,"column":12}},"22":{"start":{"line":37,"column":6},"end":{"line":37,"column":48}},"23":{"start":{"line":38,"column":6},"end":{"line":38,"column":12}},"24":{"start":{"line":40,"column":6},"end":{"line":40,"column":49}},"25":{"start":{"line":41,"column":6},"end":{"line":41,"column":12}},"26":{"start":{"line":43,"column":6},"end":{"line":43,"column":58}},"27":{"start":{"line":44,"column":6},"end":{"line":44,"column":12}},"28":{"start":{"line":46,"column":6},"end":{"line":46,"column":49}},"29":{"start":{"line":47,"column":6},"end":{"line":47,"column":12}},"30":{"start":{"line":49,"column":6},"end":{"line":49,"column":45}},"31":{"start":{"line":50,"column":6},"end":{"line":50,"column":12}},"32":{"start":{"line":52,"column":6},"end":{"line":52,"column":21}},"33":{"start":{"line":53,"column":6},"end":{"line":53,"column":12}},"34":{"start":{"line":56,"column":2},"end":{"line":56,"column":14}}},"fnMap":{"0":{"name":"(anonymous_0)","decl":{"start":{"line":2,"column":23},"end":{"line":2,"column":24}},"loc":{"start":{"line":2,"column":58},"end":{"line":57,"column":1}},"line":2}},"branchMap":{"0":{"loc":{"start":{"line":5,"column":2},"end":{"line":54,"column":3}},"type":"switch","locations":[{"start":{"line":6,"column":4},"end":{"line":8,"column":12}},{"start":{"line":9,"column":4},"end":{"line":11,"column":12}},{"start":{"line":12,"column":4},"end":{"line":14,"column":12}},{"start":{"line":15,"column":4},"end":{"line":17,"column":12}},{"start":{"line":18,"column":4},"end":{"line":20,"column":12}},{"start":{"line":21,"column":4},"end":{"line":23,"column":12}},{"start":{"line":24,"column":4},"end":{"line":26,"column":12}},{"start":{"line":27,"column":4},"end":{"line":29,"column":12}},{"start":{"line":30,"column":4},"end":{"line":32,"column":12}},{"start":{"line":33,"column":4},"end":{"line":35,"column":12}},{"start":{"line":36,"column":4},"end":{"line":38,"column":12}},{"start":{"line":39,"column":4},"end":{"line":41,"column":12}},{"start":{"line":42,"column":4},"end":{"line":44,"column":12}},{"start":{"line":45,"column":4},"end":{"line":47,"column":12}},{"start":{"line":48,"column":4},"end":{"line":50,"column":12}},{"start":{"line":51,"column":4},"end":{"line":53,"column":12}}],"line":5}},"s":{"0":13,"1":73,"2":13,"3":13,"4":10,"5":10,"6":10,"7":10,"8":10,"9":10,"10":10,"11":10,"12":1,"13":1,"14":1,"15":1,"16":1,"17":1,"18":1,"19":1,"20":1,"21":1,"22":1,"23":1,"24":1,"25":1,"26":1,"27":1,"28":1,"29":1,"30":1,"31":1,"32":10,"33":10,"34":73},"f":{"0":73},"b":{"0":[13,10,10,10,10,1,1,1,1,1,1,1,1,1,1,10]},"_coverageSchema":"1a1c01bbd47fc00a2c39e90264f33305004495a9","hash":"f6384150b7c2dbf92e3422034d9768a31383318e"}
,"/Users/saileshkasaju/workspace/doitright/netlify/sudinpradhan/src/utils/get-icon.js": {"path":"/Users/saileshkasaju/workspace/doitright/netlify/sudinpradhan/src/utils/get-icon.js","statementMap":{"0":{"start":{"line":4,"column":16},"end":{"line":62,"column":1}},"1":{"start":{"line":7,"column":2},"end":{"line":59,"column":3}},"2":{"start":{"line":9,"column":6},"end":{"line":9,"column":27}},"3":{"start":{"line":10,"column":6},"end":{"line":10,"column":12}},"4":{"start":{"line":12,"column":6},"end":{"line":12,"column":26}},"5":{"start":{"line":13,"column":6},"end":{"line":13,"column":12}},"6":{"start":{"line":15,"column":6},"end":{"line":15,"column":29}},"7":{"start":{"line":16,"column":6},"end":{"line":16,"column":12}},"8":{"start":{"line":18,"column":6},"end":{"line":18,"column":28}},"9":{"start":{"line":19,"column":6},"end":{"line":19,"column":12}},"10":{"start":{"line":21,"column":6},"end":{"line":21,"column":25}},"11":{"start":{"line":22,"column":6},"end":{"line":22,"column":12}},"12":{"start":{"line":24,"column":6},"end":{"line":24,"column":23}},"13":{"start":{"line":25,"column":6},"end":{"line":25,"column":12}},"14":{"start":{"line":27,"column":6},"end":{"line":27,"column":28}},"15":{"start":{"line":28,"column":6},"end":{"line":28,"column":12}},"16":{"start":{"line":30,"column":6},"end":{"line":30,"column":29}},"17":{"start":{"line":31,"column":6},"end":{"line":31,"column":12}},"18":{"start":{"line":33,"column":6},"end":{"line":33,"column":24}},"19":{"start":{"line":34,"column":6},"end":{"line":34,"column":12}},"20":{"start":{"line":36,"column":6},"end":{"line":36,"column":28}},"21":{"start":{"line":37,"column":6},"end":{"line":37,"column":12}},"22":{"start":{"line":39,"column":6},"end":{"line":39,"column":26}},"23":{"start":{"line":40,"column":6},"end":{"line":40,"column":12}},"24":{"start":{"line":42,"column":6},"end":{"line":42,"column":25}},"25":{"start":{"line":43,"column":6},"end":{"line":43,"column":12}},"26":{"start":{"line":45,"column":6},"end":{"line":45,"column":27}},"27":{"start":{"line":46,"column":6},"end":{"line":46,"column":12}},"28":{"start":{"line":48,"column":6},"end":{"line":48,"column":27}},"29":{"start":{"line":49,"column":6},"end":{"line":49,"column":12}},"30":{"start":{"line":51,"column":6},"end":{"line":51,"column":30}},"31":{"start":{"line":52,"column":6},"end":{"line":52,"column":12}},"32":{"start":{"line":54,"column":6},"end":{"line":54,"column":26}},"33":{"start":{"line":55,"column":6},"end":{"line":55,"column":12}},"34":{"start":{"line":57,"column":6},"end":{"line":57,"column":16}},"35":{"start":{"line":58,"column":6},"end":{"line":58,"column":12}},"36":{"start":{"line":61,"column":2},"end":{"line":61,"column":14}}},"fnMap":{"0":{"name":"(anonymous_0)","decl":{"start":{"line":4,"column":16},"end":{"line":4,"column":17}},"loc":{"start":{"line":4,"column":34},"end":{"line":62,"column":1}},"line":4}},"branchMap":{"0":{"loc":{"start":{"line":7,"column":2},"end":{"line":59,"column":3}},"type":"switch","locations":[{"start":{"line":8,"column":4},"end":{"line":10,"column":12}},{"start":{"line":11,"column":4},"end":{"line":13,"column":12}},{"start":{"line":14,"column":4},"end":{"line":16,"column":12}},{"start":{"line":17,"column":4},"end":{"line":19,"column":12}},{"start":{"line":20,"column":4},"end":{"line":22,"column":12}},{"start":{"line":23,"column":4},"end":{"line":25,"column":12}},{"start":{"line":26,"column":4},"end":{"line":28,"column":12}},{"start":{"line":29,"column":4},"end":{"line":31,"column":12}},{"start":{"line":32,"column":4},"end":{"line":34,"column":12}},{"start":{"line":35,"column":4},"end":{"line":37,"column":12}},{"start":{"line":38,"column":4},"end":{"line":40,"column":12}},{"start":{"line":41,"column":4},"end":{"line":43,"column":12}},{"start":{"line":44,"column":4},"end":{"line":46,"column":12}},{"start":{"line":47,"column":4},"end":{"line":49,"column":12}},{"start":{"line":50,"column":4},"end":{"line":52,"column":12}},{"start":{"line":53,"column":4},"end":{"line":55,"column":12}},{"start":{"line":56,"column":4},"end":{"line":58,"column":12}}],"line":7}},"s":{"0":13,"1":70,"2":10,"3":10,"4":10,"5":10,"6":10,"7":10,"8":10,"9":10,"10":10,"11":10,"12":10,"13":10,"14":1,"15":1,"16":1,"17":1,"18":1,"19":1,"20":1,"21":1,"22":1,"23":1,"24":1,"25":1,"26":1,"27":1,"28":1,"29":1,"30":1,"31":1,"32":1,"33":1,"34":0,"35":0,"36":70},"f":{"0":70},"b":{"0":[10,10,10,10,10,10,1,1,1,1,1,1,1,1,1,1,0]},"_coverageSchema":"1a1c01bbd47fc00a2c39e90264f33305004495a9","hash":"6fc14f442aeabf44263d54e00f2fb2a49d3929ca"}
,"/Users/saileshkasaju/workspace/doitright/netlify/sudinpradhan/src/utils/index.js": {"path":"/Users/saileshkasaju/workspace/doitright/netlify/sudinpradhan/src/utils/index.js","statementMap":{},"fnMap":{},"branchMap":{},"s":{},"f":{},"b":{},"_coverageSchema":"1a1c01bbd47fc00a2c39e90264f33305004495a9","hash":"c7e091317e169e00053f546f528a774cda5d6392"}
}
